{"/Users/mac/Desktop/yaw-backend/src/index.js": {"path":"/Users/mac/Desktop/yaw-backend/src/index.js","statementMap":{"0":{"start":{"line":8,"column":12},"end":{"line":8,"column":24}},"1":{"start":{"line":11,"column":12},"end":{"line":11,"column":21}},"2":{"start":{"line":13,"column":0},"end":{"line":13,"column":16}},"3":{"start":{"line":15,"column":0},"end":{"line":15,"column":52}},"4":{"start":{"line":16,"column":0},"end":{"line":16,"column":27}},"5":{"start":{"line":18,"column":0},"end":{"line":18,"column":80}},"6":{"start":{"line":18,"column":27},"end":{"line":18,"column":78}}},"fnMap":{"0":{"name":"(anonymous_0)","decl":{"start":{"line":18,"column":13},"end":{"line":18,"column":14}},"loc":{"start":{"line":18,"column":27},"end":{"line":18,"column":78}},"line":18}},"branchMap":{},"s":{"0":1,"1":1,"2":1,"3":1,"4":1,"5":1,"6":0},"f":{"0":0},"b":{},"_coverageSchema":"43e27e138ebf9cfc5966b082cf9a028302ed4184","hash":"5dc97b2fe7f6c16bdd81867807b11c57907aa8c4"}
,"/Users/mac/Desktop/yaw-backend/src/db/config/config.js": {"path":"/Users/mac/Desktop/yaw-backend/src/db/config/config.js","statementMap":{"0":{"start":{"line":1,"column":15},"end":{"line":1,"column":32}},"1":{"start":{"line":3,"column":0},"end":{"line":3,"column":16}},"2":{"start":{"line":5,"column":0},"end":{"line":34,"column":2}}},"fnMap":{},"branchMap":{"0":{"loc":{"start":{"line":32,"column":8},"end":{"line":32,"column":32}},"type":"binary-expr","locations":[{"start":{"line":32,"column":8},"end":{"line":32,"column":24}},{"start":{"line":32,"column":28},"end":{"line":32,"column":32}}],"line":32}},"s":{"0":1,"1":1,"2":1},"f":{},"b":{"0":[1,1]},"_coverageSchema":"43e27e138ebf9cfc5966b082cf9a028302ed4184","hash":"a1ae531ce09f82565fda4420022799c5aa92ad05"}
}
